0 info it worked if it ends with ok
1 verbose cli [ '/usr/local/Cellar/node/6.2.0/bin/node',
1 verbose cli   '/usr/local/bin/npm',
1 verbose cli   'install',
1 verbose cli   'path' ]
2 info using npm@3.8.9
3 info using node@v6.2.0
4 silly loadCurrentTree Starting
5 silly install loadCurrentTree
6 silly install readLocalPackageData
7 silly fetchPackageMetaData path
8 silly fetchNamedPackageData path
9 silly mapToRegistry name path
10 silly mapToRegistry using default registry
11 silly mapToRegistry registry https://registry.npmjs.org/
12 silly mapToRegistry data Result {
12 silly mapToRegistry   raw: 'path',
12 silly mapToRegistry   scope: null,
12 silly mapToRegistry   name: 'path',
12 silly mapToRegistry   rawSpec: '',
12 silly mapToRegistry   spec: 'latest',
12 silly mapToRegistry   type: 'tag' }
13 silly mapToRegistry uri https://registry.npmjs.org/path
14 verbose request uri https://registry.npmjs.org/path
15 verbose request no auth needed
16 info attempt registry request try #1 at 2:36:25 PM
17 verbose request id ed645f7b8616704d
18 verbose etag "BQ0YYBVR39BT5QO4J9G8YXXC7"
19 http request GET https://registry.npmjs.org/path
20 http 304 https://registry.npmjs.org/path
21 verbose headers { date: 'Thu, 30 Jun 2016 18:36:25 GMT',
21 verbose headers   via: '1.1 varnish',
21 verbose headers   'cache-control': 'max-age=300',
21 verbose headers   etag: '"BQ0YYBVR39BT5QO4J9G8YXXC7"',
21 verbose headers   age: '0',
21 verbose headers   connection: 'keep-alive',
21 verbose headers   'x-served-by': 'cache-jfk1025-JFK',
21 verbose headers   'x-cache': 'HIT',
21 verbose headers   'x-cache-hits': '1',
21 verbose headers   'x-timer': 'S1467311785.493841,VS0,VE101',
21 verbose headers   vary: 'Accept-Encoding' }
22 silly get cb [ 304,
22 silly get   { date: 'Thu, 30 Jun 2016 18:36:25 GMT',
22 silly get     via: '1.1 varnish',
22 silly get     'cache-control': 'max-age=300',
22 silly get     etag: '"BQ0YYBVR39BT5QO4J9G8YXXC7"',
22 silly get     age: '0',
22 silly get     connection: 'keep-alive',
22 silly get     'x-served-by': 'cache-jfk1025-JFK',
22 silly get     'x-cache': 'HIT',
22 silly get     'x-cache-hits': '1',
22 silly get     'x-timer': 'S1467311785.493841,VS0,VE101',
22 silly get     vary: 'Accept-Encoding' } ]
23 verbose etag https://registry.npmjs.org/path from cache
24 verbose get saving path to /Users/maryhoag/.npm/registry.npmjs.org/path/.cache.json
25 verbose correctMkdir /Users/maryhoag/.npm correctMkdir not in flight; initializing
26 silly install normalizeTree
27 silly loadCurrentTree Finishing
28 silly loadIdealTree Starting
29 silly install loadIdealTree
30 silly cloneCurrentTree Starting
31 silly install cloneCurrentTreeToIdealTree
32 silly cloneCurrentTree Finishing
33 silly loadShrinkwrap Starting
34 silly install loadShrinkwrap
35 silly loadShrinkwrap Finishing
36 silly loadAllDepsIntoIdealTree Starting
37 silly install loadAllDepsIntoIdealTree
38 silly resolveWithNewModule path@0.12.7 checking installable status
39 silly cache add args [ 'path', null ]
40 verbose cache add spec path
41 silly cache add parsed spec Result {
41 silly cache add   raw: 'path',
41 silly cache add   scope: null,
41 silly cache add   name: 'path',
41 silly cache add   rawSpec: '',
41 silly cache add   spec: 'latest',
41 silly cache add   type: 'tag' }
42 silly addNamed path@latest
43 verbose addNamed "latest" is being treated as a dist-tag for path
44 info addNameTag [ 'path', 'latest' ]
45 silly mapToRegistry name path
46 silly mapToRegistry using default registry
47 silly mapToRegistry registry https://registry.npmjs.org/
48 silly mapToRegistry data Result {
48 silly mapToRegistry   raw: 'path',
48 silly mapToRegistry   scope: null,
48 silly mapToRegistry   name: 'path',
48 silly mapToRegistry   rawSpec: '',
48 silly mapToRegistry   spec: 'latest',
48 silly mapToRegistry   type: 'tag' }
49 silly mapToRegistry uri https://registry.npmjs.org/path
50 verbose addNameTag registry:https://registry.npmjs.org/path not in flight; fetching
51 verbose get https://registry.npmjs.org/path not expired, no request
52 silly addNameTag next cb for path with tag latest
53 silly addNamed path@0.12.7
54 verbose addNamed "0.12.7" is a plain semver version for path
55 silly cache afterAdd path@0.12.7
56 verbose afterAdd /Users/maryhoag/.npm/path/0.12.7/package/package.json not in flight; writing
57 verbose correctMkdir /Users/maryhoag/.npm correctMkdir not in flight; initializing
58 verbose afterAdd /Users/maryhoag/.npm/path/0.12.7/package/package.json written
59 silly fetchNamedPackageData process
60 silly mapToRegistry name process
61 silly mapToRegistry using default registry
62 silly mapToRegistry registry https://registry.npmjs.org/
63 silly mapToRegistry data Result {
63 silly mapToRegistry   raw: 'process',
63 silly mapToRegistry   scope: null,
63 silly mapToRegistry   name: 'process',
63 silly mapToRegistry   rawSpec: '',
63 silly mapToRegistry   spec: 'latest',
63 silly mapToRegistry   type: 'tag' }
64 silly mapToRegistry uri https://registry.npmjs.org/process
65 silly fetchNamedPackageData util
66 silly mapToRegistry name util
67 silly mapToRegistry using default registry
68 silly mapToRegistry registry https://registry.npmjs.org/
69 silly mapToRegistry data Result {
69 silly mapToRegistry   raw: 'util',
69 silly mapToRegistry   scope: null,
69 silly mapToRegistry   name: 'util',
69 silly mapToRegistry   rawSpec: '',
69 silly mapToRegistry   spec: 'latest',
69 silly mapToRegistry   type: 'tag' }
70 silly mapToRegistry uri https://registry.npmjs.org/util
71 verbose request uri https://registry.npmjs.org/process
72 verbose request no auth needed
73 info attempt registry request try #1 at 2:36:25 PM
74 verbose etag "55JHC36HIXNP2519BF0SFAJ4D"
75 http request GET https://registry.npmjs.org/process
76 verbose request uri https://registry.npmjs.org/util
77 verbose request no auth needed
78 info attempt registry request try #1 at 2:36:25 PM
79 verbose etag "9I4KH6E8QHATTU34RZ92R9QH6"
80 http request GET https://registry.npmjs.org/util
81 http 304 https://registry.npmjs.org/process
82 verbose headers { date: 'Thu, 30 Jun 2016 18:36:25 GMT',
82 verbose headers   via: '1.1 varnish',
82 verbose headers   'cache-control': 'max-age=300',
82 verbose headers   etag: '"55JHC36HIXNP2519BF0SFAJ4D"',
82 verbose headers   age: '162',
82 verbose headers   connection: 'keep-alive',
82 verbose headers   'x-served-by': 'cache-jfk1025-JFK',
82 verbose headers   'x-cache': 'HIT',
82 verbose headers   'x-cache-hits': '3',
82 verbose headers   'x-timer': 'S1467311785.719797,VS0,VE0',
82 verbose headers   vary: 'Accept-Encoding' }
83 silly get cb [ 304,
83 silly get   { date: 'Thu, 30 Jun 2016 18:36:25 GMT',
83 silly get     via: '1.1 varnish',
83 silly get     'cache-control': 'max-age=300',
83 silly get     etag: '"55JHC36HIXNP2519BF0SFAJ4D"',
83 silly get     age: '162',
83 silly get     connection: 'keep-alive',
83 silly get     'x-served-by': 'cache-jfk1025-JFK',
83 silly get     'x-cache': 'HIT',
83 silly get     'x-cache-hits': '3',
83 silly get     'x-timer': 'S1467311785.719797,VS0,VE0',
83 silly get     vary: 'Accept-Encoding' } ]
84 verbose etag https://registry.npmjs.org/process from cache
85 verbose get saving process to /Users/maryhoag/.npm/registry.npmjs.org/process/.cache.json
86 verbose correctMkdir /Users/maryhoag/.npm correctMkdir not in flight; initializing
87 silly resolveWithNewModule process@0.11.5 checking installable status
88 silly cache add args [ 'process@^0.11.1', null ]
89 verbose cache add spec process@^0.11.1
90 silly cache add parsed spec Result {
90 silly cache add   raw: 'process@^0.11.1',
90 silly cache add   scope: null,
90 silly cache add   name: 'process',
90 silly cache add   rawSpec: '^0.11.1',
90 silly cache add   spec: '>=0.11.1 <0.12.0',
90 silly cache add   type: 'range' }
91 silly addNamed process@>=0.11.1 <0.12.0
92 verbose addNamed ">=0.11.1 <0.12.0" is a valid semver range for process
93 silly addNameRange { name: 'process', range: '>=0.11.1 <0.12.0', hasData: false }
94 silly mapToRegistry name process
95 silly mapToRegistry using default registry
96 silly mapToRegistry registry https://registry.npmjs.org/
97 silly mapToRegistry data Result {
97 silly mapToRegistry   raw: 'process',
97 silly mapToRegistry   scope: null,
97 silly mapToRegistry   name: 'process',
97 silly mapToRegistry   rawSpec: '',
97 silly mapToRegistry   spec: 'latest',
97 silly mapToRegistry   type: 'tag' }
98 silly mapToRegistry uri https://registry.npmjs.org/process
99 verbose addNameRange registry:https://registry.npmjs.org/process not in flight; fetching
100 verbose get https://registry.npmjs.org/process not expired, no request
101 silly addNameRange number 2 { name: 'process', range: '>=0.11.1 <0.12.0', hasData: true }
102 silly addNameRange versions [ 'process',
102 silly addNameRange   [ '0.4.9',
102 silly addNameRange     '0.5.0',
102 silly addNameRange     '0.5.1',
102 silly addNameRange     '0.5.2',
102 silly addNameRange     '0.6.0',
102 silly addNameRange     '0.7.0',
102 silly addNameRange     '0.8.0',
102 silly addNameRange     '0.9.0',
102 silly addNameRange     '0.10.0',
102 silly addNameRange     '0.10.1',
102 silly addNameRange     '0.11.0',
102 silly addNameRange     '0.11.1',
102 silly addNameRange     '0.11.2',
102 silly addNameRange     '0.11.3',
102 silly addNameRange     '0.11.4',
102 silly addNameRange     '0.11.5' ] ]
103 silly addNamed process@0.11.5
104 verbose addNamed "0.11.5" is a plain semver version for process
105 silly cache afterAdd process@0.11.5
106 verbose afterAdd /Users/maryhoag/.npm/process/0.11.5/package/package.json not in flight; writing
107 verbose correctMkdir /Users/maryhoag/.npm correctMkdir not in flight; initializing
108 verbose afterAdd /Users/maryhoag/.npm/process/0.11.5/package/package.json written
109 http 304 https://registry.npmjs.org/util
110 verbose headers { date: 'Thu, 30 Jun 2016 18:36:25 GMT',
110 verbose headers   via: '1.1 varnish',
110 verbose headers   'cache-control': 'max-age=300',
110 verbose headers   etag: '"9I4KH6E8QHATTU34RZ92R9QH6"',
110 verbose headers   age: '195',
110 verbose headers   connection: 'keep-alive',
110 verbose headers   'x-served-by': 'cache-jfk1024-JFK',
110 verbose headers   'x-cache': 'HIT',
110 verbose headers   'x-cache-hits': '1',
110 verbose headers   'x-timer': 'S1467311785.851618,VS0,VE0',
110 verbose headers   vary: 'Accept-Encoding' }
111 silly get cb [ 304,
111 silly get   { date: 'Thu, 30 Jun 2016 18:36:25 GMT',
111 silly get     via: '1.1 varnish',
111 silly get     'cache-control': 'max-age=300',
111 silly get     etag: '"9I4KH6E8QHATTU34RZ92R9QH6"',
111 silly get     age: '195',
111 silly get     connection: 'keep-alive',
111 silly get     'x-served-by': 'cache-jfk1024-JFK',
111 silly get     'x-cache': 'HIT',
111 silly get     'x-cache-hits': '1',
111 silly get     'x-timer': 'S1467311785.851618,VS0,VE0',
111 silly get     vary: 'Accept-Encoding' } ]
112 verbose etag https://registry.npmjs.org/util from cache
113 verbose get saving util to /Users/maryhoag/.npm/registry.npmjs.org/util/.cache.json
114 verbose correctMkdir /Users/maryhoag/.npm correctMkdir not in flight; initializing
115 silly resolveWithNewModule util@0.10.3 checking installable status
116 silly cache add args [ 'util@^0.10.3', null ]
117 verbose cache add spec util@^0.10.3
118 silly cache add parsed spec Result {
118 silly cache add   raw: 'util@^0.10.3',
118 silly cache add   scope: null,
118 silly cache add   name: 'util',
118 silly cache add   rawSpec: '^0.10.3',
118 silly cache add   spec: '>=0.10.3 <0.11.0',
118 silly cache add   type: 'range' }
119 silly addNamed util@>=0.10.3 <0.11.0
120 verbose addNamed ">=0.10.3 <0.11.0" is a valid semver range for util
121 silly addNameRange { name: 'util', range: '>=0.10.3 <0.11.0', hasData: false }
122 silly mapToRegistry name util
123 silly mapToRegistry using default registry
124 silly mapToRegistry registry https://registry.npmjs.org/
125 silly mapToRegistry data Result {
125 silly mapToRegistry   raw: 'util',
125 silly mapToRegistry   scope: null,
125 silly mapToRegistry   name: 'util',
125 silly mapToRegistry   rawSpec: '',
125 silly mapToRegistry   spec: 'latest',
125 silly mapToRegistry   type: 'tag' }
126 silly mapToRegistry uri https://registry.npmjs.org/util
127 verbose addNameRange registry:https://registry.npmjs.org/util not in flight; fetching
128 verbose get https://registry.npmjs.org/util not expired, no request
129 silly addNameRange number 2 { name: 'util', range: '>=0.10.3 <0.11.0', hasData: true }
130 silly addNameRange versions [ 'util', [ '0.4.9', '0.10.0', '0.10.1', '0.10.2', '0.10.3' ] ]
131 silly addNamed util@0.10.3
132 verbose addNamed "0.10.3" is a plain semver version for util
133 silly cache afterAdd util@0.10.3
134 verbose afterAdd /Users/maryhoag/.npm/util/0.10.3/package/package.json not in flight; writing
135 verbose correctMkdir /Users/maryhoag/.npm correctMkdir not in flight; initializing
136 verbose afterAdd /Users/maryhoag/.npm/util/0.10.3/package/package.json written
137 silly fetchNamedPackageData inherits
138 silly mapToRegistry name inherits
139 silly mapToRegistry using default registry
140 silly mapToRegistry registry https://registry.npmjs.org/
141 silly mapToRegistry data Result {
141 silly mapToRegistry   raw: 'inherits',
141 silly mapToRegistry   scope: null,
141 silly mapToRegistry   name: 'inherits',
141 silly mapToRegistry   rawSpec: '',
141 silly mapToRegistry   spec: 'latest',
141 silly mapToRegistry   type: 'tag' }
142 silly mapToRegistry uri https://registry.npmjs.org/inherits
143 verbose request uri https://registry.npmjs.org/inherits
144 verbose request no auth needed
145 info attempt registry request try #1 at 2:36:26 PM
146 verbose etag "DW5AARMI0EU78WM0DVWHCUX08"
147 http request GET https://registry.npmjs.org/inherits
148 http 200 https://registry.npmjs.org/inherits
149 verbose headers { server: 'CouchDB/1.5.0 (Erlang OTP/R16B03)',
149 verbose headers   etag: '"5WAUIUONRE0FSVJNCF5OMSX2C"',
149 verbose headers   'content-type': 'application/json',
149 verbose headers   'content-encoding': 'gzip',
149 verbose headers   'cache-control': 'max-age=300',
149 verbose headers   'content-length': '2377',
149 verbose headers   'accept-ranges': 'bytes',
149 verbose headers   date: 'Thu, 30 Jun 2016 18:36:26 GMT',
149 verbose headers   via: '1.1 varnish',
149 verbose headers   age: '291',
149 verbose headers   connection: 'keep-alive',
149 verbose headers   'x-served-by': 'cache-jfk1025-JFK',
149 verbose headers   'x-cache': 'HIT',
149 verbose headers   'x-cache-hits': '61',
149 verbose headers   'x-timer': 'S1467311786.029194,VS0,VE0',
149 verbose headers   vary: 'Accept-Encoding' }
150 silly get cb [ 200,
150 silly get   { server: 'CouchDB/1.5.0 (Erlang OTP/R16B03)',
150 silly get     etag: '"5WAUIUONRE0FSVJNCF5OMSX2C"',
150 silly get     'content-type': 'application/json',
150 silly get     'content-encoding': 'gzip',
150 silly get     'cache-control': 'max-age=300',
150 silly get     'content-length': '2377',
150 silly get     'accept-ranges': 'bytes',
150 silly get     date: 'Thu, 30 Jun 2016 18:36:26 GMT',
150 silly get     via: '1.1 varnish',
150 silly get     age: '291',
150 silly get     connection: 'keep-alive',
150 silly get     'x-served-by': 'cache-jfk1025-JFK',
150 silly get     'x-cache': 'HIT',
150 silly get     'x-cache-hits': '61',
150 silly get     'x-timer': 'S1467311786.029194,VS0,VE0',
150 silly get     vary: 'Accept-Encoding' } ]
151 verbose get saving inherits to /Users/maryhoag/.npm/registry.npmjs.org/inherits/.cache.json
152 verbose correctMkdir /Users/maryhoag/.npm correctMkdir not in flight; initializing
153 silly resolveWithNewModule inherits@2.0.1 checking installable status
154 silly cache add args [ 'inherits@2.0.1', null ]
155 verbose cache add spec inherits@2.0.1
156 silly cache add parsed spec Result {
156 silly cache add   raw: 'inherits@2.0.1',
156 silly cache add   scope: null,
156 silly cache add   name: 'inherits',
156 silly cache add   rawSpec: '2.0.1',
156 silly cache add   spec: '2.0.1',
156 silly cache add   type: 'version' }
157 silly addNamed inherits@2.0.1
158 verbose addNamed "2.0.1" is a plain semver version for inherits
159 silly mapToRegistry name inherits
160 silly mapToRegistry using default registry
161 silly mapToRegistry registry https://registry.npmjs.org/
162 silly mapToRegistry data Result {
162 silly mapToRegistry   raw: 'inherits',
162 silly mapToRegistry   scope: null,
162 silly mapToRegistry   name: 'inherits',
162 silly mapToRegistry   rawSpec: '',
162 silly mapToRegistry   spec: 'latest',
162 silly mapToRegistry   type: 'tag' }
163 silly mapToRegistry uri https://registry.npmjs.org/inherits
164 verbose addNameVersion registry:https://registry.npmjs.org/inherits not in flight; fetching
165 verbose get https://registry.npmjs.org/inherits not expired, no request
166 silly cache afterAdd inherits@2.0.1
167 verbose afterAdd /Users/maryhoag/.npm/inherits/2.0.1/package/package.json not in flight; writing
168 verbose correctMkdir /Users/maryhoag/.npm correctMkdir not in flight; initializing
169 verbose afterAdd /Users/maryhoag/.npm/inherits/2.0.1/package/package.json written
170 silly loadAllDepsIntoIdealTree Finishing
171 silly idealTree:prePrune friend_finder@1.0.0
171 silly idealTree:prePrune ├── inherits@2.0.1
171 silly idealTree:prePrune ├── path@0.12.7
171 silly idealTree:prePrune ├── process@0.11.5
171 silly idealTree:prePrune └── util@0.10.3
172 silly loadIdealTree Finishing
173 silly currentTree friend_finder@1.0.0
174 silly idealTree friend_finder@1.0.0
174 silly idealTree ├── inherits@2.0.1
174 silly idealTree ├── path@0.12.7
174 silly idealTree ├── process@0.11.5
174 silly idealTree └── util@0.10.3
175 silly generateActionsToTake Starting
176 silly install generateActionsToTake
177 silly generateActionsToTake Finishing
178 silly diffTrees action count 4
179 silly diffTrees add inherits@2.0.1
180 silly diffTrees add process@0.11.5
181 silly diffTrees add util@0.10.3
182 silly diffTrees add path@0.12.7
183 silly decomposeActions action count 32
184 silly decomposeActions fetch inherits@2.0.1
185 silly decomposeActions extract inherits@2.0.1
186 silly decomposeActions test inherits@2.0.1
187 silly decomposeActions preinstall inherits@2.0.1
188 silly decomposeActions build inherits@2.0.1
189 silly decomposeActions install inherits@2.0.1
190 silly decomposeActions postinstall inherits@2.0.1
191 silly decomposeActions finalize inherits@2.0.1
192 silly decomposeActions fetch process@0.11.5
193 silly decomposeActions extract process@0.11.5
194 silly decomposeActions test process@0.11.5
195 silly decomposeActions preinstall process@0.11.5
196 silly decomposeActions build process@0.11.5
197 silly decomposeActions install process@0.11.5
198 silly decomposeActions postinstall process@0.11.5
199 silly decomposeActions finalize process@0.11.5
200 silly decomposeActions fetch util@0.10.3
201 silly decomposeActions extract util@0.10.3
202 silly decomposeActions test util@0.10.3
203 silly decomposeActions preinstall util@0.10.3
204 silly decomposeActions build util@0.10.3
205 silly decomposeActions install util@0.10.3
206 silly decomposeActions postinstall util@0.10.3
207 silly decomposeActions finalize util@0.10.3
208 silly decomposeActions fetch path@0.12.7
209 silly decomposeActions extract path@0.12.7
210 silly decomposeActions test path@0.12.7
211 silly decomposeActions preinstall path@0.12.7
212 silly decomposeActions build path@0.12.7
213 silly decomposeActions install path@0.12.7
214 silly decomposeActions postinstall path@0.12.7
215 silly decomposeActions finalize path@0.12.7
216 silly executeActions Starting
217 silly install executeActions
218 silly doSerial global-install 0
219 silly doParallel fetch 4
220 verbose correctMkdir /Users/maryhoag/.npm/_locks correctMkdir not in flight; initializing
221 verbose lock using /Users/maryhoag/.npm/_locks/staging-518ac78001cb0ecc.lock for /Users/maryhoag/.Trash/friend_finder/node_modules/.staging
222 verbose unlock done using /Users/maryhoag/.npm/_locks/staging-518ac78001cb0ecc.lock for /Users/maryhoag/.Trash/friend_finder/node_modules/.staging
223 silly rollbackFailedOptional Starting
224 silly rollbackFailedOptional Finishing
225 silly runTopLevelLifecycles Starting
226 silly runTopLevelLifecycles Finishing
227 silly install printInstalled
228 verbose stack Error: ENOTDIR: not a directory, unlink '/Users/maryhoag/.Trash/friend_finder/node_modules/.staging'
228 verbose stack     at Error (native)
229 verbose cwd /Users/maryhoag/.Trash/friend_finder
230 error Darwin 15.5.0
231 error argv "/usr/local/Cellar/node/6.2.0/bin/node" "/usr/local/bin/npm" "install" "path"
232 error node v6.2.0
233 error npm  v3.8.9
234 error path /Users/maryhoag/.Trash/friend_finder/node_modules/.staging
235 error code ENOTDIR
236 error errno -20
237 error syscall unlink
238 error ENOTDIR: not a directory, unlink '/Users/maryhoag/.Trash/friend_finder/node_modules/.staging'
239 error If you need help, you may report this error at:
239 error     <https://github.com/npm/npm/issues>
240 verbose exit [ -20, true ]
